<?xml version="1.0" encoding="UTF-8"?>
<!-- Generated by org.testng.reporters.JUnitReportReporter -->
<testsuite hostname="DESKTOP-EHVAKCM" failures="0" tests="1" name="packapi.Bookpar" time="2.686" errors="0" timestamp="2023-07-27T11:58:16 IST" skipped="0">
  <testcase classname="packapi.Bookpar" name="getBooks" time="2.686"/>
</testsuite> <!-- packapi.Bookpar -->
