<?xml version="1.0" encoding="UTF-8"?>
<!-- Generated by org.testng.reporters.JUnitReportReporter -->
<testsuite hostname="DESKTOP-EHVAKCM" failures="0" tests="1" name="packapi.Retrivecoun" time="2.590" errors="0" timestamp="2023-07-27T12:24:37 IST" skipped="0">
  <testcase classname="packapi.Retrivecoun" name="getcountry" time="2.590"/>
</testsuite> <!-- packapi.Retrivecoun -->
