<?xml version="1.0" encoding="UTF-8"?>
<!-- Generated by org.testng.reporters.JUnitReportReporter -->
<testsuite hostname="DESKTOP-EHVAKCM" failures="0" tests="2" name="testngtest.Testuser" time="3.032" errors="0" timestamp="2023-08-07T00:06:51 IST" skipped="1">
  <testcase classname="testngtest.Testuser" name="gettest" time="3.032"/>
  <testcase classname="testngtest.Testuser" name="posttestmetho">
    <skipped/>
  </testcase> <!-- posttestmetho -->
</testsuite> <!-- testngtest.Testuser -->
