<?xml version="1.0" encoding="UTF-8"?>
<!-- Generated by org.testng.reporters.JUnitReportReporter -->
<testsuite hostname="DESKTOP-EHVAKCM" failures="0" tests="1" name="packapi.BearerTon" time="3.564" errors="0" timestamp="2023-07-27T14:24:29 IST" skipped="0">
  <testcase classname="packapi.BearerTon" name="getcountry" time="3.564"/>
</testsuite> <!-- packapi.BearerTon -->
