<?xml version="1.0" encoding="UTF-8"?>
<!-- Generated by org.testng.reporters.JUnitReportReporter -->
<testsuite hostname="DESKTOP-EHVAKCM" failures="0" tests="1" name="packapi.Getvcounty3withextentreport" time="3.103" errors="0" timestamp="2023-07-28T12:32:44 IST" skipped="0">
  <testcase classname="packapi.Getvcounty3withextentreport" name="getDefaultCountry" time="3.103"/>
</testsuite> <!-- packapi.Getvcounty3withextentreport -->
