<?xml version="1.0" encoding="UTF-8"?>
<!-- Generated by org.testng.reporters.JUnitReportReporter -->
<testsuite hostname="DESKTOP-EHVAKCM" failures="0" tests="1" name="packapi.Getvcounty" time="2.932" errors="0" timestamp="2023-08-06T16:02:05 IST" skipped="0">
  <testcase classname="packapi.Getvcounty" name="getcountry" time="2.932"/>
</testsuite> <!-- packapi.Getvcounty -->
