<?xml version="1.0" encoding="UTF-8"?>
<!-- Generated by org.testng.reporters.JUnitReportReporter -->
<testsuite hostname="DESKTOP-EHVAKCM" failures="0" tests="5" name="packapi.Retrivecoun2formultipleparameters" time="8.820" errors="0" timestamp="2023-07-28T09:42:11 IST" skipped="0">
  <testcase classname="packapi.Retrivecoun2formultipleparameters" name="getCountry" time="0.903"/>
  <testcase classname="packapi.Retrivecoun2formultipleparameters" name="getCountry" time="0.866"/>
  <testcase classname="packapi.Retrivecoun2formultipleparameters" name="getCountry" time="0.917"/>
  <testcase classname="packapi.Retrivecoun2formultipleparameters" name="getCountry" time="5.251"/>
  <testcase classname="packapi.Retrivecoun2formultipleparameters" name="getCountry" time="0.883"/>
</testsuite> <!-- packapi.Retrivecoun2formultipleparameters -->
