<?xml version="1.0" encoding="UTF-8"?>
<!-- Generated by org.testng.reporters.JUnitReportReporter -->
<testsuite hostname="DESKTOP-EHVAKCM" failures="0" tests="1" name="packapi.BearerTon2" time="1.416" errors="0" timestamp="2023-07-27T15:05:43 IST" skipped="0">
  <testcase classname="packapi.BearerTon2" name="CreateAddress" time="1.416"/>
</testsuite> <!-- packapi.BearerTon2 -->
