<?xml version="1.0" encoding="UTF-8"?>
<!-- Generated by org.testng.reporters.JUnitReportReporter -->
<testsuite hostname="DESKTOP-EHVAKCM" failures="0" tests="1" name="packapi.Getvcounty2" time="2.408" errors="0" timestamp="2023-07-27T23:07:39 IST" skipped="0">
  <testcase classname="packapi.Getvcounty2" name="getcountry" time="2.408"/>
</testsuite> <!-- packapi.Getvcounty2 -->
